d:\20202\thuctap\mygame\freetype\objs\vc2019\win32\release multithreaded\ftdebug.obj
d:\20202\thuctap\mygame\freetype\objs\vc2019\win32\release multithreaded\ftlzw.obj
d:\20202\thuctap\mygame\freetype\objs\vc2019\win32\release multithreaded\pshinter.obj
d:\20202\thuctap\mygame\freetype\objs\vc2019\win32\release multithreaded\ftgzip.obj
d:\20202\thuctap\mygame\freetype\objs\vc2019\win32\release multithreaded\truetype.obj
d:\20202\thuctap\mygame\freetype\objs\vc2019\win32\release multithreaded\ftinit.obj
d:\20202\thuctap\mygame\freetype\objs\vc2019\win32\release multithreaded\smooth.obj
d:\20202\thuctap\mygame\freetype\objs\vc2019\win32\release multithreaded\psaux.obj
d:\20202\thuctap\mygame\freetype\objs\vc2019\win32\release multithreaded\type42.obj
d:\20202\thuctap\mygame\freetype\objs\vc2019\win32\release multithreaded\ftbase.obj
d:\20202\thuctap\mygame\freetype\objs\vc2019\win32\release multithreaded\raster.obj
d:\20202\thuctap\mygame\freetype\objs\vc2019\win32\release multithreaded\ftcache.obj
d:\20202\thuctap\mygame\freetype\objs\vc2019\win32\release multithreaded\pcf.obj
d:\20202\thuctap\mygame\freetype\objs\vc2019\win32\release multithreaded\psmodule.obj
d:\20202\thuctap\mygame\freetype\objs\vc2019\win32\release multithreaded\type1cid.obj
d:\20202\thuctap\mygame\freetype\objs\vc2019\win32\release multithreaded\ftglyph.obj
d:\20202\thuctap\mygame\freetype\objs\vc2019\win32\release multithreaded\ftsystem.obj
d:\20202\thuctap\mygame\freetype\objs\vc2019\win32\release multithreaded\ftmm.obj
d:\20202\thuctap\mygame\freetype\objs\vc2019\win32\release multithreaded\pfr.obj
d:\20202\thuctap\mygame\freetype\objs\vc2019\win32\release multithreaded\winfnt.obj
d:\20202\thuctap\mygame\freetype\objs\vc2019\win32\release multithreaded\bdf.obj
d:\20202\thuctap\mygame\freetype\objs\vc2019\win32\release multithreaded\sfnt.obj
d:\20202\thuctap\mygame\freetype\objs\vc2019\win32\release multithreaded\cff.obj
d:\20202\thuctap\mygame\freetype\objs\vc2019\win32\release multithreaded\type1.obj
d:\20202\thuctap\mygame\freetype\objs\vc2019\win32\release multithreaded\ftbbox.obj
d:\20202\thuctap\mygame\freetype\objs\vc2019\win32\release multithreaded\ftlcdfil.obj
d:\20202\thuctap\mygame\freetype\objs\vc2019\win32\release multithreaded\ftfstype.obj
d:\20202\thuctap\mygame\freetype\objs\vc2019\win32\release multithreaded\fttype1.obj
d:\20202\thuctap\mygame\freetype\objs\vc2019\win32\release multithreaded\ftotval.obj
d:\20202\thuctap\mygame\freetype\objs\vc2019\win32\release multithreaded\ftgasp.obj
d:\20202\thuctap\mygame\freetype\objs\vc2019\win32\release multithreaded\ftwinfnt.obj
d:\20202\thuctap\mygame\freetype\objs\vc2019\win32\release multithreaded\ftpatent.obj
d:\20202\thuctap\mygame\freetype\objs\vc2019\win32\release multithreaded\ftstroke.obj
d:\20202\thuctap\mygame\freetype\objs\vc2019\win32\release multithreaded\autofit.obj
d:\20202\thuctap\mygame\freetype\objs\vc2019\win32\release multithreaded\ftpfr.obj
d:\20202\thuctap\mygame\freetype\objs\vc2019\win32\release multithreaded\ftxf86.obj
d:\20202\thuctap\mygame\freetype\objs\vc2019\win32\release multithreaded\ftbitmap.obj
d:\20202\thuctap\mygame\freetype\objs\vc2019\win32\release multithreaded\ftsynth.obj
d:\20202\thuctap\mygame\freetype\objs\vc2019\win32\release multithreaded\ftgxval.obj
d:\20202\thuctap\mygame\freetype\objs\vc2019\win32\freetype.lib
d:\20202\thuctap\mygame\freetype\objs\vc2019\win32\release multithreaded\freetype.tlog\cl.command.1.tlog
d:\20202\thuctap\mygame\freetype\objs\vc2019\win32\release multithreaded\freetype.tlog\cl.read.1.tlog
d:\20202\thuctap\mygame\freetype\objs\vc2019\win32\release multithreaded\freetype.tlog\cl.write.1.tlog
d:\20202\thuctap\mygame\freetype\objs\vc2019\win32\release multithreaded\freetype.tlog\lib-link.read.1.tlog
d:\20202\thuctap\mygame\freetype\objs\vc2019\win32\release multithreaded\freetype.tlog\lib-link.write.1.tlog
d:\20202\thuctap\mygame\freetype\objs\vc2019\win32\release multithreaded\freetype.tlog\lib.command.1.tlog
