  Application.cpp
D:\20202\ThucTap\MyGame\TrainingFramework\src\GameObject\Map2.h(12,2): warning C4091: 'typedef ': ignored on left of 'sCoor' when no variable is declared
D:\20202\ThucTap\MyGame\TrainingFramework\src\GameObject\Map2.h(18,2): warning C4091: 'typedef ': ignored on left of 'sPoo' when no variable is declared
D:\20202\ThucTap\MyGame\TrainingFramework\src\GameObject\Map2.h(27,2): warning C4091: 'typedef ': ignored on left of 'sEnemyData' when no variable is declared
  ResourceManagers.cpp
  DynamicObject.cpp
  Enemy0.cpp
D:\20202\ThucTap\MyGame\TrainingFramework\src\GameObject\Map2.h(12,2): warning C4091: 'typedef ': ignored on left of 'sCoor' when no variable is declared
D:\20202\ThucTap\MyGame\TrainingFramework\src\GameObject\Map2.h(18,2): warning C4091: 'typedef ': ignored on left of 'sPoo' when no variable is declared
D:\20202\ThucTap\MyGame\TrainingFramework\src\GameObject\Map2.h(27,2): warning C4091: 'typedef ': ignored on left of 'sEnemyData' when no variable is declared
D:\20202\ThucTap\MyGame\TrainingFramework\src\GameObject\Enemy0.cpp(5,23): warning C4244: '=': conversion from 'int' to 'float', possible loss of data
D:\20202\ThucTap\MyGame\TrainingFramework\src\GameObject\Enemy0.cpp(42,13): warning C4244: '=': conversion from 'int' to 'GLfloat', possible loss of data
D:\20202\ThucTap\MyGame\TrainingFramework\src\GameObject\Enemy0.cpp(43,13): warning C4244: '=': conversion from 'int' to 'GLfloat', possible loss of data
D:\20202\ThucTap\MyGame\TrainingFramework\src\GameObject\Enemy0.cpp(44,29): warning C4244: 'argument': conversion from 'int' to 'GLfloat', possible loss of data
D:\20202\ThucTap\MyGame\TrainingFramework\src\GameObject\Enemy0.cpp(44,23): warning C4244: 'argument': conversion from 'int' to 'GLfloat', possible loss of data
D:\20202\ThucTap\MyGame\TrainingFramework\src\GameObject\Enemy0.cpp(48,29): warning C4244: 'argument': conversion from 'int' to 'GLfloat', possible loss of data
D:\20202\ThucTap\MyGame\TrainingFramework\src\GameObject\Enemy0.cpp(48,23): warning C4244: 'argument': conversion from 'int' to 'GLfloat', possible loss of data
  Enemy2.cpp
D:\20202\ThucTap\MyGame\TrainingFramework\src\GameObject\Map2.h(12,2): warning C4091: 'typedef ': ignored on left of 'sCoor' when no variable is declared
D:\20202\ThucTap\MyGame\TrainingFramework\src\GameObject\Map2.h(18,2): warning C4091: 'typedef ': ignored on left of 'sPoo' when no variable is declared
D:\20202\ThucTap\MyGame\TrainingFramework\src\GameObject\Map2.h(27,2): warning C4091: 'typedef ': ignored on left of 'sEnemyData' when no variable is declared
D:\20202\ThucTap\MyGame\TrainingFramework\src\GameObject\Enemy2.cpp(5,43): warning C4244: '=': conversion from 'int' to 'float', possible loss of data
D:\20202\ThucTap\MyGame\TrainingFramework\src\GameObject\Enemy2.cpp(6,43): warning C4244: '=': conversion from 'int' to 'float', possible loss of data
D:\20202\ThucTap\MyGame\TrainingFramework\src\GameObject\Enemy2.cpp(19,13): warning C4244: '=': conversion from 'int' to 'GLfloat', possible loss of data
D:\20202\ThucTap\MyGame\TrainingFramework\src\GameObject\Enemy2.cpp(20,13): warning C4244: '=': conversion from 'int' to 'GLfloat', possible loss of data
D:\20202\ThucTap\MyGame\TrainingFramework\src\GameObject\Enemy2.cpp(21,29): warning C4244: 'argument': conversion from 'int' to 'GLfloat', possible loss of data
D:\20202\ThucTap\MyGame\TrainingFramework\src\GameObject\Enemy2.cpp(21,23): warning C4244: 'argument': conversion from 'int' to 'GLfloat', possible loss of data
D:\20202\ThucTap\MyGame\TrainingFramework\src\GameObject\Enemy2.cpp(25,29): warning C4244: 'argument': conversion from 'int' to 'GLfloat', possible loss of data
D:\20202\ThucTap\MyGame\TrainingFramework\src\GameObject\Enemy2.cpp(25,23): warning C4244: 'argument': conversion from 'int' to 'GLfloat', possible loss of data
  Enemy3.cpp
D:\20202\ThucTap\MyGame\TrainingFramework\src\GameObject\Map2.h(12,2): warning C4091: 'typedef ': ignored on left of 'sCoor' when no variable is declared
D:\20202\ThucTap\MyGame\TrainingFramework\src\GameObject\Map2.h(18,2): warning C4091: 'typedef ': ignored on left of 'sPoo' when no variable is declared
D:\20202\ThucTap\MyGame\TrainingFramework\src\GameObject\Map2.h(27,2): warning C4091: 'typedef ': ignored on left of 'sEnemyData' when no variable is declared
D:\20202\ThucTap\MyGame\TrainingFramework\src\GameObject\Enemy3.cpp(11,26): warning C4244: '=': conversion from 'double' to 'float', possible loss of data
D:\20202\ThucTap\MyGame\TrainingFramework\src\GameObject\Enemy3.cpp(14,13): warning C4244: 'initializing': conversion from 'int' to 'float', possible loss of data
D:\20202\ThucTap\MyGame\TrainingFramework\src\GameObject\Enemy3.cpp(15,13): warning C4244: 'initializing': conversion from 'int' to 'float', possible loss of data
  Font.cpp
  GameButton.cpp
  GamePlay.cpp
D:\20202\ThucTap\MyGame\TrainingFramework\src\GameObject\Map2.h(12,2): warning C4091: 'typedef ': ignored on left of 'sCoor' when no variable is declared
D:\20202\ThucTap\MyGame\TrainingFramework\src\GameObject\Map2.h(18,2): warning C4091: 'typedef ': ignored on left of 'sPoo' when no variable is declared
D:\20202\ThucTap\MyGame\TrainingFramework\src\GameObject\Map2.h(27,2): warning C4091: 'typedef ': ignored on left of 'sEnemyData' when no variable is declared
D:\20202\ThucTap\MyGame\TrainingFramework\src\GameObject\GamePlay.cpp(37,40): warning C4244: 'argument': conversion from 'int' to 'GLfloat', possible loss of data
D:\20202\ThucTap\MyGame\TrainingFramework\src\GameObject\GamePlay.cpp(43,60): warning C4244: 'argument': conversion from 'int' to 'GLfloat', possible loss of data
D:\20202\ThucTap\MyGame\TrainingFramework\src\GameObject\GamePlay.cpp(43,42): warning C4244: 'argument': conversion from 'int' to 'GLfloat', possible loss of data
D:\20202\ThucTap\MyGame\TrainingFramework\src\GameObject\GamePlay.cpp(48,34): warning C4244: 'argument': conversion from 'int' to 'GLfloat', possible loss of data
D:\20202\ThucTap\MyGame\TrainingFramework\src\GameObject\GamePlay.cpp(69,35): warning C4244: 'argument': conversion from 'int' to 'GLfloat', possible loss of data
D:\20202\ThucTap\MyGame\TrainingFramework\src\GameObject\GamePlay.cpp(78,36): warning C4244: 'argument': conversion from 'int' to 'GLfloat', possible loss of data
D:\20202\ThucTap\MyGame\TrainingFramework\src\GameObject\GamePlay.cpp(83,36): warning C4244: 'argument': conversion from 'int' to 'GLfloat', possible loss of data
D:\20202\ThucTap\MyGame\TrainingFramework\src\GameObject\GamePlay.cpp(74,2): warning C4996: 'sprintf': This function or variable may be unsafe. Consider using sprintf_s instead. To disable deprecation, use _CRT_SECURE_NO_WARNINGS. See online help for details.
D:\20202\ThucTap\MyGame\TrainingFramework\src\GameObject\GamePlay.cpp(75,2): warning C4996: 'sprintf': This function or variable may be unsafe. Consider using sprintf_s instead. To disable deprecation, use _CRT_SECURE_NO_WARNINGS. See online help for details.
D:\20202\ThucTap\MyGame\TrainingFramework\src\GameObject\GamePlay.cpp(93,2): warning C4996: 'sprintf': This function or variable may be unsafe. Consider using sprintf_s instead. To disable deprecation, use _CRT_SECURE_NO_WARNINGS. See online help for details.
D:\20202\ThucTap\MyGame\TrainingFramework\src\GameObject\GamePlay.cpp(94,2): warning C4996: 'sprintf': This function or variable may be unsafe. Consider using sprintf_s instead. To disable deprecation, use _CRT_SECURE_NO_WARNINGS. See online help for details.
D:\20202\ThucTap\MyGame\TrainingFramework\src\GameObject\GamePlay.cpp(176,48): warning C4244: 'argument': conversion from 'int' to 'GLfloat', possible loss of data
D:\20202\ThucTap\MyGame\TrainingFramework\src\GameObject\GamePlay.cpp(181,26): warning C4244: '=': conversion from 'int' to 'float', possible loss of data
D:\20202\ThucTap\MyGame\TrainingFramework\src\GameObject\GamePlay.cpp(182,48): warning C4244: 'argument': conversion from 'int' to 'GLfloat', possible loss of data
D:\20202\ThucTap\MyGame\TrainingFramework\src\GameObject\GamePlay.cpp(186,49): warning C4244: 'argument': conversion from 'int' to 'GLfloat', possible loss of data
D:\20202\ThucTap\MyGame\TrainingFramework\src\GameObject\GamePlay.cpp(203,4): warning C4996: 'sprintf': This function or variable may be unsafe. Consider using sprintf_s instead. To disable deprecation, use _CRT_SECURE_NO_WARNINGS. See online help for details.
D:\20202\ThucTap\MyGame\TrainingFramework\src\GameObject\GamePlay.cpp(204,4): warning C4996: 'sprintf': This function or variable may be unsafe. Consider using sprintf_s instead. To disable deprecation, use _CRT_SECURE_NO_WARNINGS. See online help for details.
  Gold.cpp
D:\20202\ThucTap\MyGame\TrainingFramework\src\GameObject\Map2.h(12,2): warning C4091: 'typedef ': ignored on left of 'sCoor' when no variable is declared
D:\20202\ThucTap\MyGame\TrainingFramework\src\GameObject\Map2.h(18,2): warning C4091: 'typedef ': ignored on left of 'sPoo' when no variable is declared
D:\20202\ThucTap\MyGame\TrainingFramework\src\GameObject\Map2.h(27,2): warning C4091: 'typedef ': ignored on left of 'sEnemyData' when no variable is declared
D:\20202\ThucTap\MyGame\TrainingFramework\src\GameObject\Gold.cpp(13,29): warning C4244: 'argument': conversion from 'int' to 'GLfloat', possible loss of data
D:\20202\ThucTap\MyGame\TrainingFramework\src\GameObject\Gold.cpp(13,23): warning C4244: 'argument': conversion from 'int' to 'GLfloat', possible loss of data
D:\20202\ThucTap\MyGame\TrainingFramework\src\GameObject\Gold.cpp(15,30): warning C4244: 'argument': conversion from 'int' to 'GLfloat', possible loss of data
D:\20202\ThucTap\MyGame\TrainingFramework\src\GameObject\Gold.cpp(15,24): warning C4244: 'argument': conversion from 'int' to 'GLfloat', possible loss of data
  Enemy.cpp
D:\20202\ThucTap\MyGame\TrainingFramework\src\GameObject\Map2.h(12,2): warning C4091: 'typedef ': ignored on left of 'sCoor' when no variable is declared
D:\20202\ThucTap\MyGame\TrainingFramework\src\GameObject\Map2.h(18,2): warning C4091: 'typedef ': ignored on left of 'sPoo' when no variable is declared
D:\20202\ThucTap\MyGame\TrainingFramework\src\GameObject\Map2.h(27,2): warning C4091: 'typedef ': ignored on left of 'sEnemyData' when no variable is declared
  Map2.cpp
D:\20202\ThucTap\MyGame\TrainingFramework\src\GameObject\Map2.h(12,2): warning C4091: 'typedef ': ignored on left of 'sCoor' when no variable is declared
D:\20202\ThucTap\MyGame\TrainingFramework\src\GameObject\Map2.h(18,2): warning C4091: 'typedef ': ignored on left of 'sPoo' when no variable is declared
D:\20202\ThucTap\MyGame\TrainingFramework\src\GameObject\Map2.h(27,2): warning C4091: 'typedef ': ignored on left of 'sEnemyData' when no variable is declared
D:\20202\ThucTap\MyGame\TrainingFramework\src\GameObject\Map2.cpp(55,66): warning C4244: '=': conversion from 'int' to 'GLfloat', possible loss of data
D:\20202\ThucTap\MyGame\TrainingFramework\src\GameObject\Map2.cpp(56,66): warning C4244: '=': conversion from 'int' to 'GLfloat', possible loss of data
D:\20202\ThucTap\MyGame\TrainingFramework\src\GameObject\Map2.cpp(103,63): warning C4244: 'argument': conversion from 'int' to 'GLfloat', possible loss of data
D:\20202\ThucTap\MyGame\TrainingFramework\src\GameObject\Map2.cpp(103,56): warning C4244: 'argument': conversion from 'int' to 'GLfloat', possible loss of data
D:\20202\ThucTap\MyGame\TrainingFramework\src\GameObject\Map2.cpp(104,34): warning C4244: 'argument': conversion from 'int' to 'GLfloat', possible loss of data
D:\20202\ThucTap\MyGame\TrainingFramework\src\GameObject\Map2.cpp(104,27): warning C4244: 'argument': conversion from 'int' to 'GLfloat', possible loss of data
D:\20202\ThucTap\MyGame\TrainingFramework\src\GameObject\Map2.cpp(16,5): warning C4996: 'sprintf': This function or variable may be unsafe. Consider using sprintf_s instead. To disable deprecation, use _CRT_SECURE_NO_WARNINGS. See online help for details.
D:\20202\ThucTap\MyGame\TrainingFramework\src\GameObject\Map2.cpp(18,15): warning C4996: 'fopen': This function or variable may be unsafe. Consider using fopen_s instead. To disable deprecation, use _CRT_SECURE_NO_WARNINGS. See online help for details.
D:\20202\ThucTap\MyGame\TrainingFramework\src\GameObject\Map2.cpp(28,13): warning C4996: 'fscanf': This function or variable may be unsafe. Consider using fscanf_s instead. To disable deprecation, use _CRT_SECURE_NO_WARNINGS. See online help for details.
  Poo2.cpp
D:\20202\ThucTap\MyGame\TrainingFramework\src\GameObject\Map2.h(12,2): warning C4091: 'typedef ': ignored on left of 'sCoor' when no variable is declared
D:\20202\ThucTap\MyGame\TrainingFramework\src\GameObject\Map2.h(18,2): warning C4091: 'typedef ': ignored on left of 'sPoo' when no variable is declared
D:\20202\ThucTap\MyGame\TrainingFramework\src\GameObject\Map2.h(27,2): warning C4091: 'typedef ': ignored on left of 'sEnemyData' when no variable is declared
D:\20202\ThucTap\MyGame\TrainingFramework\src\GameObject\Poo2.cpp(75,50): warning C4244: 'argument': conversion from 'int' to 'GLfloat', possible loss of data
D:\20202\ThucTap\MyGame\TrainingFramework\src\GameObject\Poo2.cpp(75,34): warning C4244: 'argument': conversion from 'int' to 'GLfloat', possible loss of data
D:\20202\ThucTap\MyGame\TrainingFramework\src\GameObject\Poo2.cpp(85,57): warning C4244: '=': conversion from 'GLfloat' to 'int', possible loss of data
D:\20202\ThucTap\MyGame\TrainingFramework\src\GameObject\Poo2.cpp(86,58): warning C4244: '=': conversion from 'GLfloat' to 'int', possible loss of data
D:\20202\ThucTap\MyGame\TrainingFramework\src\GameObject\Poo2.cpp(122,36): warning C4244: 'argument': conversion from 'double' to 'float', possible loss of data
D:\20202\ThucTap\MyGame\TrainingFramework\src\GameObject\Poo2.cpp(246,12): warning C4244: 'initializing': conversion from 'float' to 'int', possible loss of data
D:\20202\ThucTap\MyGame\TrainingFramework\src\GameObject\Poo2.cpp(247,13): warning C4244: 'initializing': conversion from 'float' to 'int', possible loss of data
D:\20202\ThucTap\MyGame\TrainingFramework\src\GameObject\Poo2.cpp(248,11): warning C4244: 'initializing': conversion from 'float' to 'int', possible loss of data
D:\20202\ThucTap\MyGame\TrainingFramework\src\GameObject\Poo2.cpp(249,14): warning C4244: 'initializing': conversion from 'float' to 'int', possible loss of data
  Sprite2D.cpp
D:\20202\ThucTap\MyGame\TrainingFramework\src\GameObject\Sprite2D.cpp(143,11): warning C4244: 'initializing': conversion from 'double' to 'float', possible loss of data
D:\20202\ThucTap\MyGame\TrainingFramework\src\GameObject\Sprite2D.cpp(144,11): warning C4244: 'initializing': conversion from 'double' to 'float', possible loss of data
D:\20202\ThucTap\MyGame\TrainingFramework\src\GameObject\Sprite2D.cpp(154,11): warning C4244: 'initializing': conversion from 'double' to 'float', possible loss of data
D:\20202\ThucTap\MyGame\TrainingFramework\src\GameObject\Sprite2D.cpp(155,11): warning C4244: 'initializing': conversion from 'double' to 'float', possible loss of data
  Camera.cpp
  Sprite3D.cpp
  Models.cpp
D:\20202\ThucTap\MyGame\TrainingFramework\src\GameObject\Models.cpp(10,3): warning C4477: 'printf' : format string '%s' requires an argument of type 'char *', but variadic argument 1 has type 'const std::string'
D:\20202\ThucTap\MyGame\TrainingFramework\src\GameObject\Models.cpp(13,2): warning C4477: 'printf' : format string '%s' requires an argument of type 'char *', but variadic argument 1 has type 'const std::string'
D:\20202\ThucTap\MyGame\TrainingFramework\src\GameObject\Models.cpp(25,18): warning C4244: 'initializing': conversion from 'std::streamoff' to 'size_t', possible loss of data
D:\20202\ThucTap\MyGame\TrainingFramework\src\GameObject\Models.cpp(35,12): warning C4996: 'sscanf': This function or variable may be unsafe. Consider using sscanf_s instead. To disable deprecation, use _CRT_SECURE_NO_WARNINGS. See online help for details.
D:\20202\ThucTap\MyGame\TrainingFramework\src\GameObject\Models.cpp(40,9): warning C4996: 'sscanf': This function or variable may be unsafe. Consider using sscanf_s instead. To disable deprecation, use _CRT_SECURE_NO_WARNINGS. See online help for details.
D:\20202\ThucTap\MyGame\TrainingFramework\src\GameObject\Models.cpp(62,8): warning C4996: 'sscanf': This function or variable may be unsafe. Consider using sscanf_s instead. To disable deprecation, use _CRT_SECURE_NO_WARNINGS. See online help for details.
D:\20202\ThucTap\MyGame\TrainingFramework\src\GameObject\Models.cpp(68,9): warning C4996: 'sscanf': This function or variable may be unsafe. Consider using sscanf_s instead. To disable deprecation, use _CRT_SECURE_NO_WARNINGS. See online help for details.
  Shaders.cpp
D:\20202\ThucTap\MyGame\TrainingFramework\src\GameObject\Shaders.cpp(25,3): warning C4477: 'printf' : format string '%s' requires an argument of type 'char *', but variadic argument 1 has type 'const std::string'
D:\20202\ThucTap\MyGame\TrainingFramework\src\GameObject\Shaders.cpp(32,3): warning C4477: 'printf' : format string '%s' requires an argument of type 'char *', but variadic argument 1 has type 'const std::string'
  SpriteAnimation2D.cpp
D:\20202\ThucTap\MyGame\TrainingFramework\src\GameObject\SpriteAnimation2D.cpp(72,39): warning C4244: 'argument': conversion from 'int' to 'GLfloat', possible loss of data
D:\20202\ThucTap\MyGame\TrainingFramework\src\GameObject\SpriteAnimation2D.cpp(77,39): warning C4244: 'argument': conversion from 'int' to 'GLfloat', possible loss of data
  Text.cpp
D:\20202\ThucTap\MyGame\TrainingFramework\src\GameObject\Text.cpp(24,11): warning C4244: 'initializing': conversion from 'double' to 'float', possible loss of data
D:\20202\ThucTap\MyGame\TrainingFramework\src\GameObject\Text.cpp(25,11): warning C4244: 'initializing': conversion from 'double' to 'float', possible loss of data
D:\20202\ThucTap\MyGame\TrainingFramework\src\GameObject\Text.cpp(171,11): warning C4244: 'initializing': conversion from 'double' to 'float', possible loss of data
D:\20202\ThucTap\MyGame\TrainingFramework\src\GameObject\Text.cpp(172,11): warning C4244: 'initializing': conversion from 'double' to 'float', possible loss of data
D:\20202\ThucTap\MyGame\TrainingFramework\src\GameObject\Text.cpp(182,11): warning C4244: 'initializing': conversion from 'double' to 'float', possible loss of data
D:\20202\ThucTap\MyGame\TrainingFramework\src\GameObject\Text.cpp(183,11): warning C4244: 'initializing': conversion from 'double' to 'float', possible loss of data
  Compiling...
  Texture.cpp
  GameStatebase.cpp
D:\20202\ThucTap\MyGame\TrainingFramework\src\GameObject\Map2.h(12,2): warning C4091: 'typedef ': ignored on left of 'sCoor' when no variable is declared
D:\20202\ThucTap\MyGame\TrainingFramework\src\GameObject\Map2.h(18,2): warning C4091: 'typedef ': ignored on left of 'sPoo' when no variable is declared
D:\20202\ThucTap\MyGame\TrainingFramework\src\GameObject\Map2.h(27,2): warning C4091: 'typedef ': ignored on left of 'sEnemyData' when no variable is declared
  GameStateMachine.cpp
  GSCredit.cpp
D:\20202\ThucTap\MyGame\TrainingFramework\src\GameStates\GSCredit.cpp(26,60): warning C4244: 'argument': conversion from 'int' to 'GLfloat', possible loss of data
D:\20202\ThucTap\MyGame\TrainingFramework\src\GameStates\GSCredit.cpp(26,42): warning C4244: 'argument': conversion from 'int' to 'GLfloat', possible loss of data
C:\Program Files (x86)\Microsoft Visual Studio\2019\Community\VC\Tools\MSVC\14.28.29333\include\xmemory(230,33): warning C4244: 'argument': conversion from '_Ty' to 'float', possible loss of data
          with
          [
              _Ty=double
          ]
C:\Program Files (x86)\Microsoft Visual Studio\2019\Community\VC\Tools\MSVC\14.28.29333\include\memory(1564): message : see reference to function template instantiation 'void std::_Construct_in_place<_Ty,std::shared_ptr<Shaders>&,std::shared_ptr<Font>&,const char(&)[25],TEXT_COLOR,double>(_Ty &,std::shared_ptr<Shaders> &,std::shared_ptr<Font> &,const char (&)[25],TEXT_COLOR &&,double &&) noexcept(false)' being compiled
          with
          [
              _Ty=Text
          ]
C:\Program Files (x86)\Microsoft Visual Studio\2019\Community\VC\Tools\MSVC\14.28.29333\include\memory(2208): message : see reference to function template instantiation 'std::_Ref_count_obj2<_Ty>::_Ref_count_obj2<std::shared_ptr<Shaders>&,std::shared_ptr<Font>&,const char(&)[25],TEXT_COLOR,double>(std::shared_ptr<Shaders> &,std::shared_ptr<Font> &,const char (&)[25],TEXT_COLOR &&,double &&)' being compiled
          with
          [
              _Ty=Text
          ]
C:\Program Files (x86)\Microsoft Visual Studio\2019\Community\VC\Tools\MSVC\14.28.29333\include\memory(2208): message : see reference to function template instantiation 'std::_Ref_count_obj2<_Ty>::_Ref_count_obj2<std::shared_ptr<Shaders>&,std::shared_ptr<Font>&,const char(&)[25],TEXT_COLOR,double>(std::shared_ptr<Shaders> &,std::shared_ptr<Font> &,const char (&)[25],TEXT_COLOR &&,double &&)' being compiled
          with
          [
              _Ty=Text
          ]
D:\20202\ThucTap\MyGame\TrainingFramework\src\GameStates\GSCredit.cpp(42): message : see reference to function template instantiation 'std::shared_ptr<Text> std::make_shared<Text,std::shared_ptr<Shaders>&,std::shared_ptr<Font>&,const char(&)[25],TEXT_COLOR,double>(std::shared_ptr<Shaders> &,std::shared_ptr<Font> &,const char (&)[25],TEXT_COLOR &&,double &&)' being compiled
  GSIntro.cpp
D:\20202\ThucTap\MyGame\TrainingFramework\src\GameStates\GSIntro.cpp(28,54): warning C4244: 'argument': conversion from 'int' to 'GLfloat', possible loss of data
D:\20202\ThucTap\MyGame\TrainingFramework\src\GameStates\GSIntro.cpp(28,36): warning C4244: 'argument': conversion from 'int' to 'GLfloat', possible loss of data
  GSLoad.cpp
D:\20202\ThucTap\MyGame\TrainingFramework\src\GameStates\GSLoad.cpp(34,60): warning C4244: 'argument': conversion from 'int' to 'GLfloat', possible loss of data
D:\20202\ThucTap\MyGame\TrainingFramework\src\GameStates\GSLoad.cpp(34,42): warning C4244: 'argument': conversion from 'int' to 'GLfloat', possible loss of data
D:\20202\ThucTap\MyGame\TrainingFramework\src\GameStates\GSLoad.cpp(54,37): warning C4244: 'argument': conversion from 'int' to 'GLfloat', possible loss of data
D:\20202\ThucTap\MyGame\TrainingFramework\src\GameStates\GSLoad.cpp(59,37): warning C4244: 'argument': conversion from 'int' to 'GLfloat', possible loss of data
D:\20202\ThucTap\MyGame\TrainingFramework\src\GameStates\GSLoad.cpp(92,43): warning C4244: 'argument': conversion from 'int' to 'GLfloat', possible loss of data
D:\20202\ThucTap\MyGame\TrainingFramework\src\GameStates\GSLoad.cpp(97,44): warning C4244: 'argument': conversion from 'int' to 'GLfloat', possible loss of data
D:\20202\ThucTap\MyGame\TrainingFramework\src\GameStates\GSLoad.cpp(122,40): warning C4244: 'argument': conversion from 'int' to 'GLfloat', possible loss of data
D:\20202\ThucTap\MyGame\TrainingFramework\src\GameStates\GSLoad.cpp(88,2): warning C4996: 'sprintf': This function or variable may be unsafe. Consider using sprintf_s instead. To disable deprecation, use _CRT_SECURE_NO_WARNINGS. See online help for details.
D:\20202\ThucTap\MyGame\TrainingFramework\src\GameStates\GSLoad.cpp(89,2): warning C4996: 'sprintf': This function or variable may be unsafe. Consider using sprintf_s instead. To disable deprecation, use _CRT_SECURE_NO_WARNINGS. See online help for details.
D:\20202\ThucTap\MyGame\TrainingFramework\src\GameStates\GSLoad.cpp(177,2): warning C4996: 'sprintf': This function or variable may be unsafe. Consider using sprintf_s instead. To disable deprecation, use _CRT_SECURE_NO_WARNINGS. See online help for details.
D:\20202\ThucTap\MyGame\TrainingFramework\src\GameStates\GSLoad.cpp(178,2): warning C4996: 'sprintf': This function or variable may be unsafe. Consider using sprintf_s instead. To disable deprecation, use _CRT_SECURE_NO_WARNINGS. See online help for details.
  GSMenu.cpp
D:\20202\ThucTap\MyGame\TrainingFramework\src\GameStates\GSMenu.cpp(32,60): warning C4244: 'argument': conversion from 'int' to 'GLfloat', possible loss of data
D:\20202\ThucTap\MyGame\TrainingFramework\src\GameStates\GSMenu.cpp(32,42): warning C4244: 'argument': conversion from 'int' to 'GLfloat', possible loss of data
D:\20202\ThucTap\MyGame\TrainingFramework\src\GameStates\GSMenu.cpp(44,40): warning C4244: 'argument': conversion from 'int' to 'GLfloat', possible loss of data
D:\20202\ThucTap\MyGame\TrainingFramework\src\GameStates\GSMenu.cpp(60,61): warning C4244: 'argument': conversion from 'int' to 'GLfloat', possible loss of data
D:\20202\ThucTap\MyGame\TrainingFramework\src\GameStates\GSMenu.cpp(60,42): warning C4244: 'argument': conversion from 'int' to 'GLfloat', possible loss of data
D:\20202\ThucTap\MyGame\TrainingFramework\src\GameStates\GSMenu.cpp(72,55): warning C4244: 'argument': conversion from 'int' to 'GLfloat', possible loss of data
D:\20202\ThucTap\MyGame\TrainingFramework\src\GameStates\GSMenu.cpp(72,36): warning C4244: 'argument': conversion from 'int' to 'GLfloat', possible loss of data
D:\20202\ThucTap\MyGame\TrainingFramework\src\GameStates\GSMenu.cpp(82,53): warning C4244: 'argument': conversion from 'int' to 'GLfloat', possible loss of data
D:\20202\ThucTap\MyGame\TrainingFramework\src\GameStates\GSMenu.cpp(82,36): warning C4244: 'argument': conversion from 'int' to 'GLfloat', possible loss of data
  GSPlay.cpp
D:\20202\ThucTap\MyGame\TrainingFramework\src\GameObject\Map2.h(12,2): warning C4091: 'typedef ': ignored on left of 'sCoor' when no variable is declared
D:\20202\ThucTap\MyGame\TrainingFramework\src\GameObject\Map2.h(18,2): warning C4091: 'typedef ': ignored on left of 'sPoo' when no variable is declared
D:\20202\ThucTap\MyGame\TrainingFramework\src\GameObject\Map2.h(27,2): warning C4091: 'typedef ': ignored on left of 'sEnemyData' when no variable is declared
  GSSetting.cpp
D:\20202\ThucTap\MyGame\TrainingFramework\src\GameStates\GSSetting.cpp(29,60): warning C4244: 'argument': conversion from 'int' to 'GLfloat', possible loss of data
D:\20202\ThucTap\MyGame\TrainingFramework\src\GameStates\GSSetting.cpp(29,42): warning C4244: 'argument': conversion from 'int' to 'GLfloat', possible loss of data
  TrainingFramework.cpp
LINK : warning LNK4098: defaultlib 'LIBCMT' conflicts with use of other libs; use /NODEFAULTLIB:library
  Generating code
  Previous IPDB not found, fall back to full compilation.
  All 2341 functions were compiled because no usable IPDB/IOBJ from previous compilation was found.
  Finished generating code
  TrainingFramework.vcxproj -> D:\20202\ThucTap\MyGame\BIN-Nvidia\TrainingFramework.exe
