d:\20202\thuctap\mygame\trainingframework\release-nvidia\vc142.pdb
d:\20202\thuctap\mygame\trainingframework\release-nvidia\text.obj
d:\20202\thuctap\mygame\trainingframework\release-nvidia\spriteanimation2d.obj
d:\20202\thuctap\mygame\trainingframework\release-nvidia\shaders.obj
d:\20202\thuctap\mygame\trainingframework\release-nvidia\models.obj
d:\20202\thuctap\mygame\trainingframework\release-nvidia\sprite3d.obj
d:\20202\thuctap\mygame\trainingframework\release-nvidia\camera.obj
d:\20202\thuctap\mygame\trainingframework\release-nvidia\sprite2d.obj
d:\20202\thuctap\mygame\trainingframework\release-nvidia\poo2.obj
d:\20202\thuctap\mygame\trainingframework\release-nvidia\map2.obj
d:\20202\thuctap\mygame\trainingframework\release-nvidia\enemy.obj
d:\20202\thuctap\mygame\trainingframework\release-nvidia\gold.obj
d:\20202\thuctap\mygame\trainingframework\release-nvidia\gameplay.obj
d:\20202\thuctap\mygame\trainingframework\release-nvidia\gamebutton.obj
d:\20202\thuctap\mygame\trainingframework\release-nvidia\font.obj
d:\20202\thuctap\mygame\trainingframework\release-nvidia\enemy3.obj
d:\20202\thuctap\mygame\trainingframework\release-nvidia\enemy2.obj
d:\20202\thuctap\mygame\trainingframework\release-nvidia\enemy0.obj
d:\20202\thuctap\mygame\trainingframework\release-nvidia\dynamicobject.obj
d:\20202\thuctap\mygame\trainingframework\release-nvidia\resourcemanagers.obj
d:\20202\thuctap\mygame\trainingframework\release-nvidia\application.obj
d:\20202\thuctap\mygame\trainingframework\release-nvidia\trainingframework.obj
d:\20202\thuctap\mygame\trainingframework\release-nvidia\gssetting.obj
d:\20202\thuctap\mygame\trainingframework\release-nvidia\gsplay.obj
d:\20202\thuctap\mygame\trainingframework\release-nvidia\gsmenu.obj
d:\20202\thuctap\mygame\trainingframework\release-nvidia\gsload.obj
d:\20202\thuctap\mygame\trainingframework\release-nvidia\gsintro.obj
d:\20202\thuctap\mygame\trainingframework\release-nvidia\gscredit.obj
d:\20202\thuctap\mygame\trainingframework\release-nvidia\gamestatemachine.obj
d:\20202\thuctap\mygame\trainingframework\release-nvidia\gamestatebase.obj
d:\20202\thuctap\mygame\trainingframework\release-nvidia\texture.obj
d:\20202\thuctap\mygame\bin-nvidia\trainingframework.exe
d:\20202\thuctap\mygame\bin-nvidia\trainingframework.pdb
d:\20202\thuctap\mygame\bin-nvidia\trainingframework.ipdb
d:\20202\thuctap\mygame\bin-nvidia\trainingframework.iobj
d:\20202\thuctap\mygame\\bin-nvidia\trainingframework.pdb
d:\20202\thuctap\mygame\trainingframework\release-nvidia\training.fc024ec8.tlog\cl.command.1.tlog
d:\20202\thuctap\mygame\trainingframework\release-nvidia\training.fc024ec8.tlog\cl.read.1.tlog
d:\20202\thuctap\mygame\trainingframework\release-nvidia\training.fc024ec8.tlog\cl.write.1.tlog
d:\20202\thuctap\mygame\trainingframework\release-nvidia\training.fc024ec8.tlog\link.command.1.tlog
d:\20202\thuctap\mygame\trainingframework\release-nvidia\training.fc024ec8.tlog\link.read.1.tlog
d:\20202\thuctap\mygame\trainingframework\release-nvidia\training.fc024ec8.tlog\link.write.1.tlog
d:\20202\thuctap\mygame\trainingframework\release-nvidia\training.fc024ec8.tlog\trainingframework.write.1u.tlog
