d:\20202\thuctap\mygame\trainingframework\debug-nvidia\vc142.pdb
d:\20202\thuctap\mygame\trainingframework\debug-nvidia\vc142.idb
d:\20202\thuctap\mygame\trainingframework\debug-nvidia\resourcemanagers.obj
d:\20202\thuctap\mygame\trainingframework\debug-nvidia\font.obj
d:\20202\thuctap\mygame\trainingframework\debug-nvidia\gamebutton.obj
d:\20202\thuctap\mygame\trainingframework\debug-nvidia\map.obj
d:\20202\thuctap\mygame\trainingframework\debug-nvidia\sprite2d.obj
d:\20202\thuctap\mygame\trainingframework\debug-nvidia\camera.obj
d:\20202\thuctap\mygame\trainingframework\debug-nvidia\sprite3d.obj
d:\20202\thuctap\mygame\trainingframework\debug-nvidia\models.obj
d:\20202\thuctap\mygame\trainingframework\debug-nvidia\shaders.obj
d:\20202\thuctap\mygame\trainingframework\debug-nvidia\spriteanimation2d.obj
d:\20202\thuctap\mygame\trainingframework\debug-nvidia\text.obj
d:\20202\thuctap\mygame\trainingframework\debug-nvidia\texture.obj
d:\20202\thuctap\mygame\trainingframework\debug-nvidia\gamestatemachine.obj
d:\20202\thuctap\mygame\trainingframework\debug-nvidia\gscredit.obj
d:\20202\thuctap\mygame\trainingframework\debug-nvidia\gsintro.obj
d:\20202\thuctap\mygame\trainingframework\debug-nvidia\gsmenu.obj
d:\20202\thuctap\mygame\trainingframework\debug-nvidia\gssetting.obj
d:\20202\thuctap\mygame\trainingframework\debug-nvidia\trainingframework.obj
d:\20202\thuctap\mygame\trainingframework\debug-nvidia\application.obj
d:\20202\thuctap\mygame\trainingframework\debug-nvidia\training.fc024ec8.tlog\cl.command.1.tlog
d:\20202\thuctap\mygame\trainingframework\debug-nvidia\training.fc024ec8.tlog\cl.read.1.tlog
d:\20202\thuctap\mygame\trainingframework\debug-nvidia\training.fc024ec8.tlog\cl.write.1.tlog
